<?xml version="1.0" encoding="UTF-8"?>
<!-- Generated by org.testng.reporters.JUnitReportReporter -->
<testsuite skipped="0" hostname="DESKTOP-CNJ89B0" name="org.xpath.MakeMyTrip" tests="1" failures="0" timestamp="23 Aug 2021 19:32:40 GMT" time="34.264" errors="0">
  <testcase name="search" time="34.264" classname="org.xpath.MakeMyTrip"/>
</testsuite> <!-- org.xpath.MakeMyTrip -->
