<?xml version="1.0" encoding="UTF-8"?>
<!-- Generated by org.testng.reporters.JUnitReportReporter -->
<testsuite skipped="0" hostname="DESKTOP-CNJ89B0" name="org.xpath.Amazon" tests="3" failures="0" timestamp="23 Aug 2021 19:14:44 GMT" time="10.335" errors="0">
  <testcase name="serachText" time="2.326" classname="org.xpath.Amazon"/>
  <testcase name="enteringProductDetails" time="0.584" classname="org.xpath.Amazon"/>
  <testcase name="productDetails" time="7.425" classname="org.xpath.Amazon"/>
</testsuite> <!-- org.xpath.Amazon -->
